{
  "runnable": false,
  "phase": "repair",
  "error_type": "RuntimeError",
  "message": "Traceback (most recent call last):\n  File \"/home/wan00559/baseline/utils/compile_and_run.py\", line 220, in compare_and_bench\n    test_model = ModelNew(*init_args, **init_kwargs)\n                 ^^^^^^^^^^^^^^^^^^^^^^^^^^^^^^^^^^^\n  File \"/home/wan00559/baseline/run/20250822_140850_batch_first5/7_Conv3d_ReLU_LeakyReLU_GELU_Sigmoid_BiasAdd/code/kernel_20250822_151827.py\", line 265, in __init__\n    assert len(negative_slope) == 1, \"negative_slope tuple/list must have length 1\"\n           ^^^^^^^^^^^^^^^^^^^^^^^^\nAssertionError: negative_slope tuple/list must have length 1\n"
}