{
  "runnable": false,
  "phase": "seed",
  "error_type": "CompilationError",
  "message": "/home/wan00559/miniconda3/envs/maxk/lib/python3.11/site-packages/torch/utils/cpp_extension.py:2356: UserWarning: TORCH_CUDA_ARCH_LIST is not set, all archs for visible cards are included for compilation. \nIf this is not desired, please set os.environ['TORCH_CUDA_ARCH_LIST'].\n  warnings.warn(\nError building extension 'mse_loss': [1/3] c++ -MMD -MF main.o.d -DTORCH_EXTENSION_NAME=mse_loss -DTORCH_API_INCLUDE_EXTENSION_H -DPYBIND11_COMPILER_TYPE=\\\"_gcc\\\" -DPYBIND11_STDLIB=\\\"_libstdcpp\\\" -DPYBIND11_BUILD_ABI=\\\"_cxxabi1016\\\" -isystem /home/wan00559/miniconda3/envs/maxk/lib/python3.11/site-packages/torch/include -isystem /home/wan00559/miniconda3/envs/maxk/lib/python3.11/site-packages/torch/include/torch/csrc/api/include -isystem /home/wan00559/miniconda3/envs/maxk/include/python3.11 -D_GLIBCXX_USE_CXX11_ABI=1 -fPIC -std=c++17 -Wno-deprecated-declarations -c /home/wan00559/.cache/torch_extensions/py311_cu126/mse_loss/main.cpp -o main.o \nFAILED: main.o \nc++ -MMD -MF main.o.d -DTORCH_EXTENSION_NAME=mse_loss -DTORCH_API_INCLUDE_EXTENSION_H -DPYBIND11_COMPILER_TYPE=\\\"_gcc\\\" -DPYBIND11_STDLIB=\\\"_libstdcpp\\\" -DPYBIND11_BUILD_ABI=\\\"_cxxabi1016\\\" -isystem /home/wan00559/miniconda3/envs/maxk/lib/python3.11/site-packages/torch/include -isystem /home/wan00559/miniconda3/envs/maxk/lib/python3.11/site-packages/torch/include/torch/csrc/api/include -isystem /home/wan00559/miniconda3/envs/maxk/include/python3.11 -D_GLIBCXX_USE_CXX11_ABI=1 -fPIC -std=c++17 -Wno-deprecated-declarations -c /home/wan00559/.cache/torch_extensions/py311_cu126/mse_loss/main.cpp -o main.o \n/home/wan00559/.cache/torch_extensions/py311_cu126/mse_loss/main.cpp: In function \u2018void pybind11_init_mse_loss(pybind11::module_&)\u2019:\n/home/wan00559/.cache/torch_extensions/py311_cu126/mse_loss/main.cpp:4:52: error: \u2018mse_loss_cuda\u2019 was not declared in this scope\n    4 | m.def(\"mse_loss_cuda\", torch::wrap_pybind_function(mse_loss_cuda), \"mse_loss_cuda\");\n      |                                                    ^~~~~~~~~~~~~\n[2/3] /usr/bin/nvcc --generate-dependencies-with-compile --dependency-output cuda.cuda.o.d -DTORCH_EXTENSION_NAME=mse_loss -DTORCH_API_INCLUDE_EXTENSION_H -DPYBIND11_COMPILER_TYPE=\\\"_gcc\\\" -DPYBIND11_STDLIB=\\\"_libstdcpp\\\" -DPYBIND11_BUILD_ABI=\\\"_cxxabi1016\\\" -isystem /home/wan00559/miniconda3/envs/maxk/lib/python3.11/site-packages/torch/include -isystem /home/wan00559/miniconda3/envs/maxk/lib/python3.11/site-packages/torch/include/torch/csrc/api/include -isystem /home/wan00559/miniconda3/envs/maxk/include/python3.11 -D_GLIBCXX_USE_CXX11_ABI=1 -D__CUDA_NO_HALF_OPERATORS__ -D__CUDA_NO_HALF_CONVERSIONS__ -D__CUDA_NO_BFLOAT16_CONVERSIONS__ -D__CUDA_NO_HALF2_OPERATORS__ --expt-relaxed-constexpr -gencode=arch=compute_75,code=compute_75 -gencode=arch=compute_75,code=sm_75 --compiler-options '-fPIC' -std=c++17 -c /home/wan00559/.cache/torch_extensions/py311_cu126/mse_loss/cuda.cu -o cuda.cuda.o \nFAILED: cuda.cuda.o \n/usr/bin/nvcc --generate-dependencies-with-compile --dependency-output cuda.cuda.o.d -DTORCH_EXTENSION_NAME=mse_loss -DTORCH_API_INCLUDE_EXTENSION_H -DPYBIND11_COMPILER_TYPE=\\\"_gcc\\\" -DPYBIND11_STDLIB=\\\"_libstdcpp\\\" -DPYBIND11_BUILD_ABI=\\\"_cxxabi1016\\\" -isystem /home/wan00559/miniconda3/envs/maxk/lib/python3.11/site-packages/torch/include -isystem /home/wan00559/miniconda3/envs/maxk/lib/python3.11/site-packages/torch/include/torch/csrc/api/include -isystem /home/wan00559/miniconda3/envs/maxk/include/python3.11 -D_GLIBCXX_USE_CXX11_ABI=1 -D__CUDA_NO_HALF_OPERATORS__ -D__CUDA_NO_HALF_CONVERSIONS__ -D__CUDA_NO_BFLOAT16_CONVERSIONS__ -D__CUDA_NO_HALF2_OPERATORS__ --expt-relaxed-constexpr -gencode=arch=compute_75,code=compute_75 -gencode=arch=compute_75,code=sm_75 --compiler-options '-fPIC' -std=c++17 -c /home/wan00559/.cache/torch_extensions/py311_cu126/mse_loss/cuda.cu -o cuda.cuda.o \n/home/wan00559/.cache/torch_extensions/py311_cu126/mse_loss/cuda.cu(66): error: namespace \"torch::cuda\" has no member \"getLastErrorString\"\n\n1 error detected in the compilation of \"/home/wan00559/.cache/torch_extensions/py311_cu126/mse_loss/cuda.cu\".\nninja: build stopped: subcommand failed."
}